CRITICAL - 2024-07-19 14:19:23 --> ErrorException: Cannot modify header information - headers already sent by (output started at C:\xampp\htdocs\ProT3_29436010\app\Config\Events.php:33)
[Method: GET, Route: /]
in SYSTEMPATH\Debug\Toolbar.php on line 472.
 1 [internal function]: CodeIgniter\Debug\Exceptions->errorHandler(2, 'Cannot modify header information - headers already sent by (output started at C:\\xampp\\htdocs\\ProT3_29436010\\app\\Config\\Events.php:33)', 'C:\\xampp\\htdocs\\ProT3_29436010\\system\\Debug\\Toolbar.php', 472)
 2 SYSTEMPATH\Debug\Toolbar.php(472): header('Content-Type: application/javascript')
 3 APPPATH\Config\Events.php(47): CodeIgniter\Debug\Toolbar->respond()
 4 SYSTEMPATH\Events\Events.php(155): CodeIgniter\Events\Events::Config\{closure}()
 5 SYSTEMPATH\CodeIgniter.php(340): CodeIgniter\Events\Events::trigger('pre_system')
 6 SYSTEMPATH\Boot.php(325): CodeIgniter\CodeIgniter->run()
 7 SYSTEMPATH\Boot.php(67): CodeIgniter\Boot::runCodeIgniter(Object(CodeIgniter\CodeIgniter))
 8 FCPATH\index.php(56): CodeIgniter\Boot::bootWeb(Object(Config\Paths))
CRITICAL - 2024-07-19 14:19:26 --> ErrorException: Cannot modify header information - headers already sent by (output started at C:\xampp\htdocs\ProT3_29436010\app\Config\Events.php:33)
[Method: GET, Route: /]
in SYSTEMPATH\Debug\Toolbar.php on line 472.
 1 [internal function]: CodeIgniter\Debug\Exceptions->errorHandler(2, 'Cannot modify header information - headers already sent by (output started at C:\\xampp\\htdocs\\ProT3_29436010\\app\\Config\\Events.php:33)', 'C:\\xampp\\htdocs\\ProT3_29436010\\system\\Debug\\Toolbar.php', 472)
 2 SYSTEMPATH\Debug\Toolbar.php(472): header('Content-Type: application/javascript')
 3 APPPATH\Config\Events.php(47): CodeIgniter\Debug\Toolbar->respond()
 4 SYSTEMPATH\Events\Events.php(155): CodeIgniter\Events\Events::Config\{closure}()
 5 SYSTEMPATH\CodeIgniter.php(340): CodeIgniter\Events\Events::trigger('pre_system')
 6 SYSTEMPATH\Boot.php(325): CodeIgniter\CodeIgniter->run()
 7 SYSTEMPATH\Boot.php(67): CodeIgniter\Boot::runCodeIgniter(Object(CodeIgniter\CodeIgniter))
 8 FCPATH\index.php(56): CodeIgniter\Boot::bootWeb(Object(Config\Paths))
CRITICAL - 2024-07-19 14:32:59 --> ErrorException: Cannot modify header information - headers already sent by (output started at C:\xampp\htdocs\ProT3_29436010\app\Config\Events.php:33)
[Method: GET, Route: /]
in SYSTEMPATH\Debug\Toolbar.php on line 472.
 1 [internal function]: CodeIgniter\Debug\Exceptions->errorHandler(2, 'Cannot modify header information - headers already sent by (output started at C:\\xampp\\htdocs\\ProT3_29436010\\app\\Config\\Events.php:33)', 'C:\\xampp\\htdocs\\ProT3_29436010\\system\\Debug\\Toolbar.php', 472)
 2 SYSTEMPATH\Debug\Toolbar.php(472): header('Content-Type: application/javascript')
 3 APPPATH\Config\Events.php(47): CodeIgniter\Debug\Toolbar->respond()
 4 SYSTEMPATH\Events\Events.php(155): CodeIgniter\Events\Events::Config\{closure}()
 5 SYSTEMPATH\CodeIgniter.php(340): CodeIgniter\Events\Events::trigger('pre_system')
 6 SYSTEMPATH\Boot.php(325): CodeIgniter\CodeIgniter->run()
 7 SYSTEMPATH\Boot.php(67): CodeIgniter\Boot::runCodeIgniter(Object(CodeIgniter\CodeIgniter))
 8 FCPATH\index.php(56): CodeIgniter\Boot::bootWeb(Object(Config\Paths))
CRITICAL - 2024-07-19 14:39:28 --> ErrorException: Cannot modify header information - headers already sent by (output started at C:\xampp\htdocs\ProT3_29436010\app\Config\Events.php:33)
[Method: GET, Route: /]
in SYSTEMPATH\Debug\Toolbar.php on line 472.
 1 [internal function]: CodeIgniter\Debug\Exceptions->errorHandler(2, 'Cannot modify header information - headers already sent by (output started at C:\\xampp\\htdocs\\ProT3_29436010\\app\\Config\\Events.php:33)', 'C:\\xampp\\htdocs\\ProT3_29436010\\system\\Debug\\Toolbar.php', 472)
 2 SYSTEMPATH\Debug\Toolbar.php(472): header('Content-Type: application/javascript')
 3 APPPATH\Config\Events.php(47): CodeIgniter\Debug\Toolbar->respond()
 4 SYSTEMPATH\Events\Events.php(155): CodeIgniter\Events\Events::Config\{closure}()
 5 SYSTEMPATH\CodeIgniter.php(340): CodeIgniter\Events\Events::trigger('pre_system')
 6 SYSTEMPATH\Boot.php(325): CodeIgniter\CodeIgniter->run()
 7 SYSTEMPATH\Boot.php(67): CodeIgniter\Boot::runCodeIgniter(Object(CodeIgniter\CodeIgniter))
 8 FCPATH\index.php(56): CodeIgniter\Boot::bootWeb(Object(Config\Paths))
CRITICAL - 2024-07-19 14:40:03 --> ErrorException: Cannot modify header information - headers already sent by (output started at C:\xampp\htdocs\ProT3_29436010\app\Config\Events.php:33)
[Method: GET, Route: /]
in SYSTEMPATH\Debug\Toolbar.php on line 472.
 1 [internal function]: CodeIgniter\Debug\Exceptions->errorHandler(2, 'Cannot modify header information - headers already sent by (output started at C:\\xampp\\htdocs\\ProT3_29436010\\app\\Config\\Events.php:33)', 'C:\\xampp\\htdocs\\ProT3_29436010\\system\\Debug\\Toolbar.php', 472)
 2 SYSTEMPATH\Debug\Toolbar.php(472): header('Content-Type: application/javascript')
 3 APPPATH\Config\Events.php(47): CodeIgniter\Debug\Toolbar->respond()
 4 SYSTEMPATH\Events\Events.php(155): CodeIgniter\Events\Events::Config\{closure}()
 5 SYSTEMPATH\CodeIgniter.php(340): CodeIgniter\Events\Events::trigger('pre_system')
 6 SYSTEMPATH\Boot.php(325): CodeIgniter\CodeIgniter->run()
 7 SYSTEMPATH\Boot.php(67): CodeIgniter\Boot::runCodeIgniter(Object(CodeIgniter\CodeIgniter))
 8 FCPATH\index.php(56): CodeIgniter\Boot::bootWeb(Object(Config\Paths))
CRITICAL - 2024-07-19 14:40:27 --> ErrorException: Cannot modify header information - headers already sent by (output started at C:\xampp\htdocs\ProT3_29436010\app\Config\Events.php:33)
[Method: GET, Route: /]
in SYSTEMPATH\Debug\Toolbar.php on line 472.
 1 [internal function]: CodeIgniter\Debug\Exceptions->errorHandler(2, 'Cannot modify header information - headers already sent by (output started at C:\\xampp\\htdocs\\ProT3_29436010\\app\\Config\\Events.php:33)', 'C:\\xampp\\htdocs\\ProT3_29436010\\system\\Debug\\Toolbar.php', 472)
 2 SYSTEMPATH\Debug\Toolbar.php(472): header('Content-Type: application/javascript')
 3 APPPATH\Config\Events.php(47): CodeIgniter\Debug\Toolbar->respond()
 4 SYSTEMPATH\Events\Events.php(155): CodeIgniter\Events\Events::Config\{closure}()
 5 SYSTEMPATH\CodeIgniter.php(340): CodeIgniter\Events\Events::trigger('pre_system')
 6 SYSTEMPATH\Boot.php(325): CodeIgniter\CodeIgniter->run()
 7 SYSTEMPATH\Boot.php(67): CodeIgniter\Boot::runCodeIgniter(Object(CodeIgniter\CodeIgniter))
 8 FCPATH\index.php(56): CodeIgniter\Boot::bootWeb(Object(Config\Paths))
CRITICAL - 2024-07-19 16:10:22 --> CodeIgniter\Filters\Exceptions\FilterException: "forcehttps" filter must have a matching alias defined.
[Method: GET, Route: quienes_somos]
in SYSTEMPATH\Filters\Filters.php on line 329.
 1 SYSTEMPATH\Filters\Filters.php(329): CodeIgniter\Filters\Exceptions\FilterException::forNoAlias('forcehttps')
 2 SYSTEMPATH\Filters\Filters.php(270): CodeIgniter\Filters\Filters->getRequiredFilters('before')
 3 SYSTEMPATH\CodeIgniter.php(389): CodeIgniter\Filters\Filters->runRequired('before')
 4 SYSTEMPATH\CodeIgniter.php(348): CodeIgniter\CodeIgniter->runRequiredBeforeFilters(Object(CodeIgniter\Filters\Filters))
 5 SYSTEMPATH\Boot.php(325): CodeIgniter\CodeIgniter->run()
 6 SYSTEMPATH\Boot.php(67): CodeIgniter\Boot::runCodeIgniter(Object(CodeIgniter\CodeIgniter))
 7 FCPATH\index.php(56): CodeIgniter\Boot::bootWeb(Object(Config\Paths))
CRITICAL - 2024-07-19 16:10:25 --> CodeIgniter\Filters\Exceptions\FilterException: "forcehttps" filter must have a matching alias defined.
[Method: GET, Route: quienes_somos]
in SYSTEMPATH\Filters\Filters.php on line 329.
 1 SYSTEMPATH\Filters\Filters.php(329): CodeIgniter\Filters\Exceptions\FilterException::forNoAlias('forcehttps')
 2 SYSTEMPATH\Filters\Filters.php(270): CodeIgniter\Filters\Filters->getRequiredFilters('before')
 3 SYSTEMPATH\CodeIgniter.php(389): CodeIgniter\Filters\Filters->runRequired('before')
 4 SYSTEMPATH\CodeIgniter.php(348): CodeIgniter\CodeIgniter->runRequiredBeforeFilters(Object(CodeIgniter\Filters\Filters))
 5 SYSTEMPATH\Boot.php(325): CodeIgniter\CodeIgniter->run()
 6 SYSTEMPATH\Boot.php(67): CodeIgniter\Boot::runCodeIgniter(Object(CodeIgniter\CodeIgniter))
 7 FCPATH\index.php(56): CodeIgniter\Boot::bootWeb(Object(Config\Paths))
CRITICAL - 2024-07-19 16:10:33 --> CodeIgniter\Filters\Exceptions\FilterException: "forcehttps" filter must have a matching alias defined.
[Method: GET, Route: principal]
in SYSTEMPATH\Filters\Filters.php on line 329.
 1 SYSTEMPATH\Filters\Filters.php(329): CodeIgniter\Filters\Exceptions\FilterException::forNoAlias('forcehttps')
 2 SYSTEMPATH\Filters\Filters.php(270): CodeIgniter\Filters\Filters->getRequiredFilters('before')
 3 SYSTEMPATH\CodeIgniter.php(389): CodeIgniter\Filters\Filters->runRequired('before')
 4 SYSTEMPATH\CodeIgniter.php(348): CodeIgniter\CodeIgniter->runRequiredBeforeFilters(Object(CodeIgniter\Filters\Filters))
 5 SYSTEMPATH\Boot.php(325): CodeIgniter\CodeIgniter->run()
 6 SYSTEMPATH\Boot.php(67): CodeIgniter\Boot::runCodeIgniter(Object(CodeIgniter\CodeIgniter))
 7 FCPATH\index.php(56): CodeIgniter\Boot::bootWeb(Object(Config\Paths))
CRITICAL - 2024-07-19 16:11:09 --> CodeIgniter\Filters\Exceptions\FilterException: "forcehttps" filter must have a matching alias defined.
[Method: GET, Route: /]
in SYSTEMPATH\Filters\Filters.php on line 329.
 1 SYSTEMPATH\Filters\Filters.php(329): CodeIgniter\Filters\Exceptions\FilterException::forNoAlias('forcehttps')
 2 SYSTEMPATH\Filters\Filters.php(270): CodeIgniter\Filters\Filters->getRequiredFilters('before')
 3 SYSTEMPATH\CodeIgniter.php(389): CodeIgniter\Filters\Filters->runRequired('before')
 4 SYSTEMPATH\CodeIgniter.php(348): CodeIgniter\CodeIgniter->runRequiredBeforeFilters(Object(CodeIgniter\Filters\Filters))
 5 SYSTEMPATH\Boot.php(325): CodeIgniter\CodeIgniter->run()
 6 SYSTEMPATH\Boot.php(67): CodeIgniter\Boot::runCodeIgniter(Object(CodeIgniter\CodeIgniter))
 7 FCPATH\index.php(56): CodeIgniter\Boot::bootWeb(Object(Config\Paths))
CRITICAL - 2024-07-19 16:12:03 --> ErrorException: ini_set(): Session ini settings cannot be changed after headers have already been sent
[Method: GET, Route: /]
in SYSTEMPATH\Session\Handlers\FileHandler.php on line 74.
 1 [internal function]: CodeIgniter\Debug\Exceptions->errorHandler(2, 'ini_set(): Session ini settings cannot be changed after headers have already been sent', 'C:\\xampp\\htdocs\\ProT3_29436010\\system\\Session\\Handlers\\FileHandler.php', 74)
 2 SYSTEMPATH\Session\Handlers\FileHandler.php(74): ini_set('session.save_path', 'C:\\xampp\\htdocs\\ProT3_29436010\\writable\\session')
 3 SYSTEMPATH\Config\Services.php(688): CodeIgniter\Session\Handlers\FileHandler->__construct(Object(Config\Session), '127.0.0.1')
 4 SYSTEMPATH\Config\BaseService.php(311): CodeIgniter\Config\Services::session(Object(Config\Session), false)
 5 SYSTEMPATH\Config\BaseService.php(250): CodeIgniter\Config\BaseService::__callStatic('session', [...])
 6 SYSTEMPATH\Config\Services.php(666): CodeIgniter\Config\BaseService::getSharedInstance('session', null)
 7 SYSTEMPATH\Config\BaseService.php(320): CodeIgniter\Config\Services::session()
 8 SYSTEMPATH\Config\BaseService.php(201): CodeIgniter\Config\BaseService::__callStatic('session', [])
 9 SYSTEMPATH\Common.php(998): CodeIgniter\Config\BaseService::get('session')
10 SYSTEMPATH\Common.php(971): service('session')
11 APPPATH\Views\front\navbar_view.php(2): session()
12 SYSTEMPATH\View\View.php(234): include('C:\\xampp\\htdocs\\ProT3_29436010\\app\\Views\\front\\navbar_view.php')
13 SYSTEMPATH\View\View.php(237): CodeIgniter\View\View->CodeIgniter\View\{closure}()
14 SYSTEMPATH\Common.php(1171): CodeIgniter\View\View->render('front/navbar_view', [], true)
15 APPPATH\Controllers\Home.php(11): view('front/navbar_view')
16 SYSTEMPATH\CodeIgniter.php(933): App\Controllers\Home->index()
17 SYSTEMPATH\CodeIgniter.php(509): CodeIgniter\CodeIgniter->runController(Object(App\Controllers\Home))
18 SYSTEMPATH\CodeIgniter.php(355): CodeIgniter\CodeIgniter->handleRequest(null, Object(Config\Cache), false)
19 SYSTEMPATH\Boot.php(325): CodeIgniter\CodeIgniter->run()
20 SYSTEMPATH\Boot.php(67): CodeIgniter\Boot::runCodeIgniter(Object(CodeIgniter\CodeIgniter))
21 FCPATH\index.php(56): CodeIgniter\Boot::bootWeb(Object(Config\Paths))
CRITICAL - 2024-07-19 16:17:13 --> ErrorException: ini_set(): Session ini settings cannot be changed after headers have already been sent
[Method: GET, Route: /]
in SYSTEMPATH\Session\Handlers\FileHandler.php on line 74.
 1 [internal function]: CodeIgniter\Debug\Exceptions->errorHandler(2, 'ini_set(): Session ini settings cannot be changed after headers have already been sent', 'C:\\xampp\\htdocs\\ProT3_29436010\\system\\Session\\Handlers\\FileHandler.php', 74)
 2 SYSTEMPATH\Session\Handlers\FileHandler.php(74): ini_set('session.save_path', 'C:\\xampp\\htdocs\\ProT3_29436010\\writable\\session')
 3 SYSTEMPATH\Config\Services.php(688): CodeIgniter\Session\Handlers\FileHandler->__construct(Object(Config\Session), '::1')
 4 SYSTEMPATH\Config\BaseService.php(311): CodeIgniter\Config\Services::session(Object(Config\Session), false)
 5 SYSTEMPATH\Config\BaseService.php(250): CodeIgniter\Config\BaseService::__callStatic('session', [...])
 6 SYSTEMPATH\Config\Services.php(666): CodeIgniter\Config\BaseService::getSharedInstance('session', null)
 7 SYSTEMPATH\Config\BaseService.php(320): CodeIgniter\Config\Services::session()
 8 SYSTEMPATH\Config\BaseService.php(201): CodeIgniter\Config\BaseService::__callStatic('session', [])
 9 SYSTEMPATH\Common.php(998): CodeIgniter\Config\BaseService::get('session')
10 SYSTEMPATH\Common.php(971): service('session')
11 APPPATH\Views\front\navbar_view.php(2): session()
12 SYSTEMPATH\View\View.php(234): include('C:\\xampp\\htdocs\\ProT3_29436010\\app\\Views\\front\\navbar_view.php')
13 SYSTEMPATH\View\View.php(237): CodeIgniter\View\View->CodeIgniter\View\{closure}()
14 SYSTEMPATH\Common.php(1171): CodeIgniter\View\View->render('front/navbar_view', [], true)
15 APPPATH\Controllers\Home.php(11): view('front/navbar_view')
16 SYSTEMPATH\CodeIgniter.php(933): App\Controllers\Home->index()
17 SYSTEMPATH\CodeIgniter.php(509): CodeIgniter\CodeIgniter->runController(Object(App\Controllers\Home))
18 SYSTEMPATH\CodeIgniter.php(355): CodeIgniter\CodeIgniter->handleRequest(null, Object(Config\Cache), false)
19 SYSTEMPATH\Boot.php(325): CodeIgniter\CodeIgniter->run()
20 SYSTEMPATH\Boot.php(67): CodeIgniter\Boot::runCodeIgniter(Object(CodeIgniter\CodeIgniter))
21 FCPATH\index.php(56): CodeIgniter\Boot::bootWeb(Object(Config\Paths))
CRITICAL - 2024-07-19 16:28:55 --> ErrorException: ini_set(): Session ini settings cannot be changed after headers have already been sent
[Method: GET, Route: /]
in SYSTEMPATH\Session\Handlers\FileHandler.php on line 74.
 1 [internal function]: CodeIgniter\Debug\Exceptions->errorHandler(2, 'ini_set(): Session ini settings cannot be changed after headers have already been sent', 'C:\\xampp\\htdocs\\ProT3_29436010\\system\\Session\\Handlers\\FileHandler.php', 74)
 2 SYSTEMPATH\Session\Handlers\FileHandler.php(74): ini_set('session.save_path', 'C:\\xampp\\htdocs\\ProT3_29436010\\writable\\session')
 3 SYSTEMPATH\Config\Services.php(688): CodeIgniter\Session\Handlers\FileHandler->__construct(Object(Config\Session), '127.0.0.1')
 4 SYSTEMPATH\Config\BaseService.php(311): CodeIgniter\Config\Services::session(Object(Config\Session), false)
 5 SYSTEMPATH\Config\BaseService.php(250): CodeIgniter\Config\BaseService::__callStatic('session', [...])
 6 SYSTEMPATH\Config\Services.php(666): CodeIgniter\Config\BaseService::getSharedInstance('session', null)
 7 SYSTEMPATH\Config\BaseService.php(320): CodeIgniter\Config\Services::session()
 8 SYSTEMPATH\Config\BaseService.php(201): CodeIgniter\Config\BaseService::__callStatic('session', [])
 9 SYSTEMPATH\Common.php(998): CodeIgniter\Config\BaseService::get('session')
10 SYSTEMPATH\Common.php(971): service('session')
11 APPPATH\Views\front\navbar_view.php(2): session()
12 SYSTEMPATH\View\View.php(234): include('C:\\xampp\\htdocs\\ProT3_29436010\\app\\Views\\front\\navbar_view.php')
13 SYSTEMPATH\View\View.php(237): CodeIgniter\View\View->CodeIgniter\View\{closure}()
14 SYSTEMPATH\Common.php(1171): CodeIgniter\View\View->render('front/navbar_view', [], true)
15 APPPATH\Controllers\Home.php(11): view('front/navbar_view')
16 SYSTEMPATH\CodeIgniter.php(933): App\Controllers\Home->index()
17 SYSTEMPATH\CodeIgniter.php(509): CodeIgniter\CodeIgniter->runController(Object(App\Controllers\Home))
18 SYSTEMPATH\CodeIgniter.php(355): CodeIgniter\CodeIgniter->handleRequest(null, Object(Config\Cache), false)
19 SYSTEMPATH\Boot.php(325): CodeIgniter\CodeIgniter->run()
20 SYSTEMPATH\Boot.php(67): CodeIgniter\Boot::runCodeIgniter(Object(CodeIgniter\CodeIgniter))
21 FCPATH\index.php(56): CodeIgniter\Boot::bootWeb(Object(Config\Paths))
CRITICAL - 2024-07-19 16:28:57 --> ErrorException: ini_set(): Session ini settings cannot be changed after headers have already been sent
[Method: GET, Route: /]
in SYSTEMPATH\Session\Handlers\FileHandler.php on line 74.
 1 [internal function]: CodeIgniter\Debug\Exceptions->errorHandler(2, 'ini_set(): Session ini settings cannot be changed after headers have already been sent', 'C:\\xampp\\htdocs\\ProT3_29436010\\system\\Session\\Handlers\\FileHandler.php', 74)
 2 SYSTEMPATH\Session\Handlers\FileHandler.php(74): ini_set('session.save_path', 'C:\\xampp\\htdocs\\ProT3_29436010\\writable\\session')
 3 SYSTEMPATH\Config\Services.php(688): CodeIgniter\Session\Handlers\FileHandler->__construct(Object(Config\Session), '127.0.0.1')
 4 SYSTEMPATH\Config\BaseService.php(311): CodeIgniter\Config\Services::session(Object(Config\Session), false)
 5 SYSTEMPATH\Config\BaseService.php(250): CodeIgniter\Config\BaseService::__callStatic('session', [...])
 6 SYSTEMPATH\Config\Services.php(666): CodeIgniter\Config\BaseService::getSharedInstance('session', null)
 7 SYSTEMPATH\Config\BaseService.php(320): CodeIgniter\Config\Services::session()
 8 SYSTEMPATH\Config\BaseService.php(201): CodeIgniter\Config\BaseService::__callStatic('session', [])
 9 SYSTEMPATH\Common.php(998): CodeIgniter\Config\BaseService::get('session')
10 SYSTEMPATH\Common.php(971): service('session')
11 APPPATH\Views\front\navbar_view.php(2): session()
12 SYSTEMPATH\View\View.php(234): include('C:\\xampp\\htdocs\\ProT3_29436010\\app\\Views\\front\\navbar_view.php')
13 SYSTEMPATH\View\View.php(237): CodeIgniter\View\View->CodeIgniter\View\{closure}()
14 SYSTEMPATH\Common.php(1171): CodeIgniter\View\View->render('front/navbar_view', [], true)
15 APPPATH\Controllers\Home.php(11): view('front/navbar_view')
16 SYSTEMPATH\CodeIgniter.php(933): App\Controllers\Home->index()
17 SYSTEMPATH\CodeIgniter.php(509): CodeIgniter\CodeIgniter->runController(Object(App\Controllers\Home))
18 SYSTEMPATH\CodeIgniter.php(355): CodeIgniter\CodeIgniter->handleRequest(null, Object(Config\Cache), false)
19 SYSTEMPATH\Boot.php(325): CodeIgniter\CodeIgniter->run()
20 SYSTEMPATH\Boot.php(67): CodeIgniter\Boot::runCodeIgniter(Object(CodeIgniter\CodeIgniter))
21 FCPATH\index.php(56): CodeIgniter\Boot::bootWeb(Object(Config\Paths))
CRITICAL - 2024-07-19 16:37:43 --> ErrorException: ini_set(): Session ini settings cannot be changed after headers have already been sent
[Method: GET, Route: /]
in SYSTEMPATH\Session\Handlers\FileHandler.php on line 74.
 1 [internal function]: CodeIgniter\Debug\Exceptions->errorHandler(2, 'ini_set(): Session ini settings cannot be changed after headers have already been sent', 'C:\\xampp\\htdocs\\ProT3_29436010\\system\\Session\\Handlers\\FileHandler.php', 74)
 2 SYSTEMPATH\Session\Handlers\FileHandler.php(74): ini_set('session.save_path', 'C:\\xampp\\htdocs\\ProT3_29436010\\writable\\session')
 3 SYSTEMPATH\Config\Services.php(688): CodeIgniter\Session\Handlers\FileHandler->__construct(Object(Config\Session), '127.0.0.1')
 4 SYSTEMPATH\Config\BaseService.php(311): CodeIgniter\Config\Services::session(Object(Config\Session), false)
 5 SYSTEMPATH\Config\BaseService.php(250): CodeIgniter\Config\BaseService::__callStatic('session', [...])
 6 SYSTEMPATH\Config\Services.php(666): CodeIgniter\Config\BaseService::getSharedInstance('session', null)
 7 SYSTEMPATH\Config\BaseService.php(320): CodeIgniter\Config\Services::session()
 8 SYSTEMPATH\Config\BaseService.php(201): CodeIgniter\Config\BaseService::__callStatic('session', [])
 9 SYSTEMPATH\Common.php(998): CodeIgniter\Config\BaseService::get('session')
10 SYSTEMPATH\Common.php(971): service('session')
11 APPPATH\Views\front\navbar_view.php(2): session()
12 SYSTEMPATH\View\View.php(234): include('C:\\xampp\\htdocs\\ProT3_29436010\\app\\Views\\front\\navbar_view.php')
13 SYSTEMPATH\View\View.php(237): CodeIgniter\View\View->CodeIgniter\View\{closure}()
14 SYSTEMPATH\Common.php(1171): CodeIgniter\View\View->render('front/navbar_view', [], true)
15 APPPATH\Controllers\Home.php(11): view('front/navbar_view')
16 SYSTEMPATH\CodeIgniter.php(933): App\Controllers\Home->index()
17 SYSTEMPATH\CodeIgniter.php(509): CodeIgniter\CodeIgniter->runController(Object(App\Controllers\Home))
18 SYSTEMPATH\CodeIgniter.php(355): CodeIgniter\CodeIgniter->handleRequest(null, Object(Config\Cache), false)
19 SYSTEMPATH\Boot.php(325): CodeIgniter\CodeIgniter->run()
20 SYSTEMPATH\Boot.php(67): CodeIgniter\Boot::runCodeIgniter(Object(CodeIgniter\CodeIgniter))
21 FCPATH\index.php(56): CodeIgniter\Boot::bootWeb(Object(Config\Paths))
CRITICAL - 2024-07-19 16:50:46 --> ErrorException: ini_set(): Session ini settings cannot be changed after headers have already been sent
[Method: GET, Route: /]
in SYSTEMPATH\Session\Handlers\FileHandler.php on line 74.
 1 [internal function]: CodeIgniter\Debug\Exceptions->errorHandler(2, 'ini_set(): Session ini settings cannot be changed after headers have already been sent', 'C:\\xampp\\htdocs\\ProT3_29436010\\system\\Session\\Handlers\\FileHandler.php', 74)
 2 SYSTEMPATH\Session\Handlers\FileHandler.php(74): ini_set('session.save_path', 'C:\\xampp\\htdocs\\ProT3_29436010\\writable\\session')
 3 SYSTEMPATH\Config\Services.php(688): CodeIgniter\Session\Handlers\FileHandler->__construct(Object(Config\Session), '127.0.0.1')
 4 SYSTEMPATH\Config\BaseService.php(311): CodeIgniter\Config\Services::session(Object(Config\Session), false)
 5 SYSTEMPATH\Config\BaseService.php(250): CodeIgniter\Config\BaseService::__callStatic('session', [...])
 6 SYSTEMPATH\Config\Services.php(666): CodeIgniter\Config\BaseService::getSharedInstance('session', null)
 7 SYSTEMPATH\Config\BaseService.php(320): CodeIgniter\Config\Services::session()
 8 SYSTEMPATH\Config\BaseService.php(201): CodeIgniter\Config\BaseService::__callStatic('session', [])
 9 SYSTEMPATH\Common.php(998): CodeIgniter\Config\BaseService::get('session')
10 SYSTEMPATH\Common.php(971): service('session')
11 APPPATH\Views\front\navbar_view.php(2): session()
12 SYSTEMPATH\View\View.php(234): include('C:\\xampp\\htdocs\\ProT3_29436010\\app\\Views\\front\\navbar_view.php')
13 SYSTEMPATH\View\View.php(237): CodeIgniter\View\View->CodeIgniter\View\{closure}()
14 SYSTEMPATH\Common.php(1171): CodeIgniter\View\View->render('front/navbar_view', [], true)
15 APPPATH\Controllers\Home.php(11): view('front/navbar_view')
16 SYSTEMPATH\CodeIgniter.php(933): App\Controllers\Home->index()
17 SYSTEMPATH\CodeIgniter.php(509): CodeIgniter\CodeIgniter->runController(Object(App\Controllers\Home))
18 SYSTEMPATH\CodeIgniter.php(355): CodeIgniter\CodeIgniter->handleRequest(null, Object(Config\Cache), false)
19 SYSTEMPATH\Boot.php(325): CodeIgniter\CodeIgniter->run()
20 SYSTEMPATH\Boot.php(67): CodeIgniter\Boot::runCodeIgniter(Object(CodeIgniter\CodeIgniter))
21 FCPATH\index.php(56): CodeIgniter\Boot::bootWeb(Object(Config\Paths))
CRITICAL - 2024-07-19 16:54:16 --> ErrorException: ini_set(): Session ini settings cannot be changed after headers have already been sent
[Method: GET, Route: /]
in SYSTEMPATH\Session\Handlers\FileHandler.php on line 74.
 1 [internal function]: CodeIgniter\Debug\Exceptions->errorHandler(2, 'ini_set(): Session ini settings cannot be changed after headers have already been sent', 'C:\\xampp\\htdocs\\ProT3_29436010\\system\\Session\\Handlers\\FileHandler.php', 74)
 2 SYSTEMPATH\Session\Handlers\FileHandler.php(74): ini_set('session.save_path', 'C:\\xampp\\htdocs\\ProT3_29436010\\writable\\session')
 3 SYSTEMPATH\Config\Services.php(688): CodeIgniter\Session\Handlers\FileHandler->__construct(Object(Config\Session), '127.0.0.1')
 4 SYSTEMPATH\Config\BaseService.php(311): CodeIgniter\Config\Services::session(Object(Config\Session), false)
 5 SYSTEMPATH\Config\BaseService.php(250): CodeIgniter\Config\BaseService::__callStatic('session', [...])
 6 SYSTEMPATH\Config\Services.php(666): CodeIgniter\Config\BaseService::getSharedInstance('session', null)
 7 SYSTEMPATH\Config\BaseService.php(320): CodeIgniter\Config\Services::session()
 8 SYSTEMPATH\Config\BaseService.php(201): CodeIgniter\Config\BaseService::__callStatic('session', [])
 9 SYSTEMPATH\Common.php(998): CodeIgniter\Config\BaseService::get('session')
10 SYSTEMPATH\Common.php(971): service('session')
11 APPPATH\Views\front\navbar_view.php(2): session()
12 SYSTEMPATH\View\View.php(234): include('C:\\xampp\\htdocs\\ProT3_29436010\\app\\Views\\front\\navbar_view.php')
13 SYSTEMPATH\View\View.php(237): CodeIgniter\View\View->CodeIgniter\View\{closure}()
14 SYSTEMPATH\Common.php(1171): CodeIgniter\View\View->render('front/navbar_view', [], true)
15 APPPATH\Controllers\Home.php(11): view('front/navbar_view')
16 SYSTEMPATH\CodeIgniter.php(933): App\Controllers\Home->index()
17 SYSTEMPATH\CodeIgniter.php(509): CodeIgniter\CodeIgniter->runController(Object(App\Controllers\Home))
18 SYSTEMPATH\CodeIgniter.php(355): CodeIgniter\CodeIgniter->handleRequest(null, Object(Config\Cache), false)
19 SYSTEMPATH\Boot.php(325): CodeIgniter\CodeIgniter->run()
20 SYSTEMPATH\Boot.php(67): CodeIgniter\Boot::runCodeIgniter(Object(CodeIgniter\CodeIgniter))
21 FCPATH\index.php(56): CodeIgniter\Boot::bootWeb(Object(Config\Paths))
CRITICAL - 2024-07-19 16:54:17 --> ErrorException: ini_set(): Session ini settings cannot be changed after headers have already been sent
[Method: GET, Route: /]
in SYSTEMPATH\Session\Handlers\FileHandler.php on line 74.
 1 [internal function]: CodeIgniter\Debug\Exceptions->errorHandler(2, 'ini_set(): Session ini settings cannot be changed after headers have already been sent', 'C:\\xampp\\htdocs\\ProT3_29436010\\system\\Session\\Handlers\\FileHandler.php', 74)
 2 SYSTEMPATH\Session\Handlers\FileHandler.php(74): ini_set('session.save_path', 'C:\\xampp\\htdocs\\ProT3_29436010\\writable\\session')
 3 SYSTEMPATH\Config\Services.php(688): CodeIgniter\Session\Handlers\FileHandler->__construct(Object(Config\Session), '127.0.0.1')
 4 SYSTEMPATH\Config\BaseService.php(311): CodeIgniter\Config\Services::session(Object(Config\Session), false)
 5 SYSTEMPATH\Config\BaseService.php(250): CodeIgniter\Config\BaseService::__callStatic('session', [...])
 6 SYSTEMPATH\Config\Services.php(666): CodeIgniter\Config\BaseService::getSharedInstance('session', null)
 7 SYSTEMPATH\Config\BaseService.php(320): CodeIgniter\Config\Services::session()
 8 SYSTEMPATH\Config\BaseService.php(201): CodeIgniter\Config\BaseService::__callStatic('session', [])
 9 SYSTEMPATH\Common.php(998): CodeIgniter\Config\BaseService::get('session')
10 SYSTEMPATH\Common.php(971): service('session')
11 APPPATH\Views\front\navbar_view.php(2): session()
12 SYSTEMPATH\View\View.php(234): include('C:\\xampp\\htdocs\\ProT3_29436010\\app\\Views\\front\\navbar_view.php')
13 SYSTEMPATH\View\View.php(237): CodeIgniter\View\View->CodeIgniter\View\{closure}()
14 SYSTEMPATH\Common.php(1171): CodeIgniter\View\View->render('front/navbar_view', [], true)
15 APPPATH\Controllers\Home.php(11): view('front/navbar_view')
16 SYSTEMPATH\CodeIgniter.php(933): App\Controllers\Home->index()
17 SYSTEMPATH\CodeIgniter.php(509): CodeIgniter\CodeIgniter->runController(Object(App\Controllers\Home))
18 SYSTEMPATH\CodeIgniter.php(355): CodeIgniter\CodeIgniter->handleRequest(null, Object(Config\Cache), false)
19 SYSTEMPATH\Boot.php(325): CodeIgniter\CodeIgniter->run()
20 SYSTEMPATH\Boot.php(67): CodeIgniter\Boot::runCodeIgniter(Object(CodeIgniter\CodeIgniter))
21 FCPATH\index.php(56): CodeIgniter\Boot::bootWeb(Object(Config\Paths))
CRITICAL - 2024-07-19 16:54:18 --> ErrorException: ini_set(): Session ini settings cannot be changed after headers have already been sent
[Method: GET, Route: /]
in SYSTEMPATH\Session\Handlers\FileHandler.php on line 74.
 1 [internal function]: CodeIgniter\Debug\Exceptions->errorHandler(2, 'ini_set(): Session ini settings cannot be changed after headers have already been sent', 'C:\\xampp\\htdocs\\ProT3_29436010\\system\\Session\\Handlers\\FileHandler.php', 74)
 2 SYSTEMPATH\Session\Handlers\FileHandler.php(74): ini_set('session.save_path', 'C:\\xampp\\htdocs\\ProT3_29436010\\writable\\session')
 3 SYSTEMPATH\Config\Services.php(688): CodeIgniter\Session\Handlers\FileHandler->__construct(Object(Config\Session), '127.0.0.1')
 4 SYSTEMPATH\Config\BaseService.php(311): CodeIgniter\Config\Services::session(Object(Config\Session), false)
 5 SYSTEMPATH\Config\BaseService.php(250): CodeIgniter\Config\BaseService::__callStatic('session', [...])
 6 SYSTEMPATH\Config\Services.php(666): CodeIgniter\Config\BaseService::getSharedInstance('session', null)
 7 SYSTEMPATH\Config\BaseService.php(320): CodeIgniter\Config\Services::session()
 8 SYSTEMPATH\Config\BaseService.php(201): CodeIgniter\Config\BaseService::__callStatic('session', [])
 9 SYSTEMPATH\Common.php(998): CodeIgniter\Config\BaseService::get('session')
10 SYSTEMPATH\Common.php(971): service('session')
11 APPPATH\Views\front\navbar_view.php(2): session()
12 SYSTEMPATH\View\View.php(234): include('C:\\xampp\\htdocs\\ProT3_29436010\\app\\Views\\front\\navbar_view.php')
13 SYSTEMPATH\View\View.php(237): CodeIgniter\View\View->CodeIgniter\View\{closure}()
14 SYSTEMPATH\Common.php(1171): CodeIgniter\View\View->render('front/navbar_view', [], true)
15 APPPATH\Controllers\Home.php(11): view('front/navbar_view')
16 SYSTEMPATH\CodeIgniter.php(933): App\Controllers\Home->index()
17 SYSTEMPATH\CodeIgniter.php(509): CodeIgniter\CodeIgniter->runController(Object(App\Controllers\Home))
18 SYSTEMPATH\CodeIgniter.php(355): CodeIgniter\CodeIgniter->handleRequest(null, Object(Config\Cache), false)
19 SYSTEMPATH\Boot.php(325): CodeIgniter\CodeIgniter->run()
20 SYSTEMPATH\Boot.php(67): CodeIgniter\Boot::runCodeIgniter(Object(CodeIgniter\CodeIgniter))
21 FCPATH\index.php(56): CodeIgniter\Boot::bootWeb(Object(Config\Paths))
CRITICAL - 2024-07-19 17:34:46 --> ErrorException: ini_set(): Session ini settings cannot be changed after headers have already been sent
[Method: GET, Route: login]
in SYSTEMPATH\Session\Handlers\FileHandler.php on line 74.
 1 [internal function]: CodeIgniter\Debug\Exceptions->errorHandler(2, 'ini_set(): Session ini settings cannot be changed after headers have already been sent', 'C:\\xampp\\htdocs\\ProT3_29436010\\system\\Session\\Handlers\\FileHandler.php', 74)
 2 SYSTEMPATH\Session\Handlers\FileHandler.php(74): ini_set('session.save_path', 'C:\\xampp\\htdocs\\ProT3_29436010\\writable\\session')
 3 SYSTEMPATH\Config\Services.php(688): CodeIgniter\Session\Handlers\FileHandler->__construct(Object(Config\Session), '127.0.0.1')
 4 SYSTEMPATH\Config\BaseService.php(311): CodeIgniter\Config\Services::session(Object(Config\Session), false)
 5 SYSTEMPATH\Config\BaseService.php(250): CodeIgniter\Config\BaseService::__callStatic('session', [...])
 6 SYSTEMPATH\Config\Services.php(666): CodeIgniter\Config\BaseService::getSharedInstance('session', null)
 7 SYSTEMPATH\Config\BaseService.php(320): CodeIgniter\Config\Services::session()
 8 SYSTEMPATH\Config\BaseService.php(201): CodeIgniter\Config\BaseService::__callStatic('session', [])
 9 SYSTEMPATH\Common.php(998): CodeIgniter\Config\BaseService::get('session')
10 SYSTEMPATH\Common.php(971): service('session')
11 APPPATH\Views\front\navbar_view.php(2): session()
12 SYSTEMPATH\View\View.php(234): include('C:\\xampp\\htdocs\\ProT3_29436010\\app\\Views\\front\\navbar_view.php')
13 SYSTEMPATH\View\View.php(237): CodeIgniter\View\View->CodeIgniter\View\{closure}()
14 SYSTEMPATH\Common.php(1171): CodeIgniter\View\View->render('front/navbar_view', [], true)
15 APPPATH\Controllers\Home.php(47): view('front/navbar_view')
16 SYSTEMPATH\CodeIgniter.php(933): App\Controllers\Home->login()
17 SYSTEMPATH\CodeIgniter.php(509): CodeIgniter\CodeIgniter->runController(Object(App\Controllers\Home))
18 SYSTEMPATH\CodeIgniter.php(355): CodeIgniter\CodeIgniter->handleRequest(null, Object(Config\Cache), false)
19 SYSTEMPATH\Boot.php(325): CodeIgniter\CodeIgniter->run()
20 SYSTEMPATH\Boot.php(67): CodeIgniter\Boot::runCodeIgniter(Object(CodeIgniter\CodeIgniter))
21 FCPATH\index.php(56): CodeIgniter\Boot::bootWeb(Object(Config\Paths))
CRITICAL - 2024-07-19 19:16:59 --> ErrorException: ini_set(): Session ini settings cannot be changed after headers have already been sent
[Method: GET, Route: login]
in SYSTEMPATH\Session\Handlers\FileHandler.php on line 74.
 1 [internal function]: CodeIgniter\Debug\Exceptions->errorHandler(2, 'ini_set(): Session ini settings cannot be changed after headers have already been sent', 'C:\\xampp\\htdocs\\ProT3_29436010\\system\\Session\\Handlers\\FileHandler.php', 74)
 2 SYSTEMPATH\Session\Handlers\FileHandler.php(74): ini_set('session.save_path', 'C:\\xampp\\htdocs\\ProT3_29436010\\writable\\session')
 3 SYSTEMPATH\Config\Services.php(688): CodeIgniter\Session\Handlers\FileHandler->__construct(Object(Config\Session), '127.0.0.1')
 4 SYSTEMPATH\Config\BaseService.php(311): CodeIgniter\Config\Services::session(Object(Config\Session), false)
 5 SYSTEMPATH\Config\BaseService.php(250): CodeIgniter\Config\BaseService::__callStatic('session', [...])
 6 SYSTEMPATH\Config\Services.php(666): CodeIgniter\Config\BaseService::getSharedInstance('session', null)
 7 SYSTEMPATH\Config\BaseService.php(320): CodeIgniter\Config\Services::session()
 8 SYSTEMPATH\Config\BaseService.php(201): CodeIgniter\Config\BaseService::__callStatic('session', [])
 9 SYSTEMPATH\Common.php(998): CodeIgniter\Config\BaseService::get('session')
10 SYSTEMPATH\Common.php(971): service('session')
11 APPPATH\Views\front\navbar_view.php(2): session()
12 SYSTEMPATH\View\View.php(234): include('C:\\xampp\\htdocs\\ProT3_29436010\\app\\Views\\front\\navbar_view.php')
13 SYSTEMPATH\View\View.php(237): CodeIgniter\View\View->CodeIgniter\View\{closure}()
14 SYSTEMPATH\Common.php(1171): CodeIgniter\View\View->render('front/navbar_view', [], true)
15 APPPATH\Controllers\Home.php(47): view('front/navbar_view')
16 SYSTEMPATH\CodeIgniter.php(933): App\Controllers\Home->login()
17 SYSTEMPATH\CodeIgniter.php(509): CodeIgniter\CodeIgniter->runController(Object(App\Controllers\Home))
18 SYSTEMPATH\CodeIgniter.php(355): CodeIgniter\CodeIgniter->handleRequest(null, Object(Config\Cache), false)
19 SYSTEMPATH\Boot.php(325): CodeIgniter\CodeIgniter->run()
20 SYSTEMPATH\Boot.php(67): CodeIgniter\Boot::runCodeIgniter(Object(CodeIgniter\CodeIgniter))
21 FCPATH\index.php(56): CodeIgniter\Boot::bootWeb(Object(Config\Paths))
CRITICAL - 2024-07-19 19:24:24 --> ErrorException: ini_set(): Session ini settings cannot be changed after headers have already been sent
[Method: GET, Route: /]
in SYSTEMPATH\Session\Handlers\FileHandler.php on line 74.
 1 [internal function]: CodeIgniter\Debug\Exceptions->errorHandler(2, 'ini_set(): Session ini settings cannot be changed after headers have already been sent', 'C:\\xampp\\htdocs\\ProT3_29436010\\system\\Session\\Handlers\\FileHandler.php', 74)
 2 SYSTEMPATH\Session\Handlers\FileHandler.php(74): ini_set('session.save_path', 'C:\\xampp\\htdocs\\ProT3_29436010\\writable\\session')
 3 SYSTEMPATH\Config\Services.php(688): CodeIgniter\Session\Handlers\FileHandler->__construct(Object(Config\Session), '::1')
 4 SYSTEMPATH\Config\BaseService.php(311): CodeIgniter\Config\Services::session(Object(Config\Session), false)
 5 SYSTEMPATH\Config\BaseService.php(250): CodeIgniter\Config\BaseService::__callStatic('session', [...])
 6 SYSTEMPATH\Config\Services.php(666): CodeIgniter\Config\BaseService::getSharedInstance('session', null)
 7 SYSTEMPATH\Config\BaseService.php(320): CodeIgniter\Config\Services::session()
 8 SYSTEMPATH\Config\BaseService.php(201): CodeIgniter\Config\BaseService::__callStatic('session', [])
 9 SYSTEMPATH\Common.php(998): CodeIgniter\Config\BaseService::get('session')
10 SYSTEMPATH\Common.php(971): service('session')
11 APPPATH\Views\front\navbar_view.php(2): session()
12 SYSTEMPATH\View\View.php(234): include('C:\\xampp\\htdocs\\ProT3_29436010\\app\\Views\\front\\navbar_view.php')
13 SYSTEMPATH\View\View.php(237): CodeIgniter\View\View->CodeIgniter\View\{closure}()
14 SYSTEMPATH\Common.php(1171): CodeIgniter\View\View->render('front/navbar_view', [], true)
15 APPPATH\Controllers\Home.php(11): view('front/navbar_view')
16 SYSTEMPATH\CodeIgniter.php(933): App\Controllers\Home->index()
17 SYSTEMPATH\CodeIgniter.php(509): CodeIgniter\CodeIgniter->runController(Object(App\Controllers\Home))
18 SYSTEMPATH\CodeIgniter.php(355): CodeIgniter\CodeIgniter->handleRequest(null, Object(Config\Cache), false)
19 SYSTEMPATH\Boot.php(325): CodeIgniter\CodeIgniter->run()
20 SYSTEMPATH\Boot.php(67): CodeIgniter\Boot::runCodeIgniter(Object(CodeIgniter\CodeIgniter))
21 FCPATH\index.php(56): CodeIgniter\Boot::bootWeb(Object(Config\Paths))
CRITICAL - 2024-07-19 19:24:43 --> ErrorException: ini_set(): Session ini settings cannot be changed after headers have already been sent
[Method: GET, Route: /]
in SYSTEMPATH\Session\Handlers\FileHandler.php on line 74.
 1 [internal function]: CodeIgniter\Debug\Exceptions->errorHandler(2, 'ini_set(): Session ini settings cannot be changed after headers have already been sent', 'C:\\xampp\\htdocs\\ProT3_29436010\\system\\Session\\Handlers\\FileHandler.php', 74)
 2 SYSTEMPATH\Session\Handlers\FileHandler.php(74): ini_set('session.save_path', 'C:\\xampp\\htdocs\\ProT3_29436010\\writable\\session')
 3 SYSTEMPATH\Config\Services.php(688): CodeIgniter\Session\Handlers\FileHandler->__construct(Object(Config\Session), '::1')
 4 SYSTEMPATH\Config\BaseService.php(311): CodeIgniter\Config\Services::session(Object(Config\Session), false)
 5 SYSTEMPATH\Config\BaseService.php(250): CodeIgniter\Config\BaseService::__callStatic('session', [...])
 6 SYSTEMPATH\Config\Services.php(666): CodeIgniter\Config\BaseService::getSharedInstance('session', null)
 7 SYSTEMPATH\Config\BaseService.php(320): CodeIgniter\Config\Services::session()
 8 SYSTEMPATH\Config\BaseService.php(201): CodeIgniter\Config\BaseService::__callStatic('session', [])
 9 SYSTEMPATH\Common.php(998): CodeIgniter\Config\BaseService::get('session')
10 SYSTEMPATH\Common.php(971): service('session')
11 APPPATH\Views\front\navbar_view.php(2): session()
12 SYSTEMPATH\View\View.php(234): include('C:\\xampp\\htdocs\\ProT3_29436010\\app\\Views\\front\\navbar_view.php')
13 SYSTEMPATH\View\View.php(237): CodeIgniter\View\View->CodeIgniter\View\{closure}()
14 SYSTEMPATH\Common.php(1171): CodeIgniter\View\View->render('front/navbar_view', [], true)
15 APPPATH\Controllers\Home.php(11): view('front/navbar_view')
16 SYSTEMPATH\CodeIgniter.php(933): App\Controllers\Home->index()
17 SYSTEMPATH\CodeIgniter.php(509): CodeIgniter\CodeIgniter->runController(Object(App\Controllers\Home))
18 SYSTEMPATH\CodeIgniter.php(355): CodeIgniter\CodeIgniter->handleRequest(null, Object(Config\Cache), false)
19 SYSTEMPATH\Boot.php(325): CodeIgniter\CodeIgniter->run()
20 SYSTEMPATH\Boot.php(67): CodeIgniter\Boot::runCodeIgniter(Object(CodeIgniter\CodeIgniter))
21 FCPATH\index.php(56): CodeIgniter\Boot::bootWeb(Object(Config\Paths))
CRITICAL - 2024-07-19 19:25:13 --> ErrorException: ini_set(): Session ini settings cannot be changed after headers have already been sent
[Method: GET, Route: /]
in SYSTEMPATH\Session\Handlers\FileHandler.php on line 74.
 1 [internal function]: CodeIgniter\Debug\Exceptions->errorHandler(2, 'ini_set(): Session ini settings cannot be changed after headers have already been sent', 'C:\\xampp\\htdocs\\ProT3_29436010\\system\\Session\\Handlers\\FileHandler.php', 74)
 2 SYSTEMPATH\Session\Handlers\FileHandler.php(74): ini_set('session.save_path', 'C:\\xampp\\htdocs\\ProT3_29436010\\writable\\session')
 3 SYSTEMPATH\Config\Services.php(688): CodeIgniter\Session\Handlers\FileHandler->__construct(Object(Config\Session), '::1')
 4 SYSTEMPATH\Config\BaseService.php(311): CodeIgniter\Config\Services::session(Object(Config\Session), false)
 5 SYSTEMPATH\Config\BaseService.php(250): CodeIgniter\Config\BaseService::__callStatic('session', [...])
 6 SYSTEMPATH\Config\Services.php(666): CodeIgniter\Config\BaseService::getSharedInstance('session', null)
 7 SYSTEMPATH\Config\BaseService.php(320): CodeIgniter\Config\Services::session()
 8 SYSTEMPATH\Config\BaseService.php(201): CodeIgniter\Config\BaseService::__callStatic('session', [])
 9 SYSTEMPATH\Common.php(998): CodeIgniter\Config\BaseService::get('session')
10 SYSTEMPATH\Common.php(971): service('session')
11 APPPATH\Views\front\navbar_view.php(2): session()
12 SYSTEMPATH\View\View.php(234): include('C:\\xampp\\htdocs\\ProT3_29436010\\app\\Views\\front\\navbar_view.php')
13 SYSTEMPATH\View\View.php(237): CodeIgniter\View\View->CodeIgniter\View\{closure}()
14 SYSTEMPATH\Common.php(1171): CodeIgniter\View\View->render('front/navbar_view', [], true)
15 APPPATH\Controllers\Home.php(11): view('front/navbar_view')
16 SYSTEMPATH\CodeIgniter.php(933): App\Controllers\Home->index()
17 SYSTEMPATH\CodeIgniter.php(509): CodeIgniter\CodeIgniter->runController(Object(App\Controllers\Home))
18 SYSTEMPATH\CodeIgniter.php(355): CodeIgniter\CodeIgniter->handleRequest(null, Object(Config\Cache), false)
19 SYSTEMPATH\Boot.php(325): CodeIgniter\CodeIgniter->run()
20 SYSTEMPATH\Boot.php(67): CodeIgniter\Boot::runCodeIgniter(Object(CodeIgniter\CodeIgniter))
21 FCPATH\index.php(56): CodeIgniter\Boot::bootWeb(Object(Config\Paths))
CRITICAL - 2024-07-19 20:02:36 --> ErrorException: ini_set(): Session ini settings cannot be changed after headers have already been sent
[Method: GET, Route: login]
in SYSTEMPATH\Session\Handlers\FileHandler.php on line 74.
 1 [internal function]: CodeIgniter\Debug\Exceptions->errorHandler(2, 'ini_set(): Session ini settings cannot be changed after headers have already been sent', 'C:\\xampp\\htdocs\\ProT3_29436010\\system\\Session\\Handlers\\FileHandler.php', 74)
 2 SYSTEMPATH\Session\Handlers\FileHandler.php(74): ini_set('session.save_path', 'C:\\xampp\\htdocs\\ProT3_29436010\\writable\\session')
 3 SYSTEMPATH\Config\Services.php(688): CodeIgniter\Session\Handlers\FileHandler->__construct(Object(Config\Session), '127.0.0.1')
 4 SYSTEMPATH\Config\BaseService.php(311): CodeIgniter\Config\Services::session(Object(Config\Session), false)
 5 SYSTEMPATH\Config\BaseService.php(250): CodeIgniter\Config\BaseService::__callStatic('session', [...])
 6 SYSTEMPATH\Config\Services.php(666): CodeIgniter\Config\BaseService::getSharedInstance('session', null)
 7 SYSTEMPATH\Config\BaseService.php(320): CodeIgniter\Config\Services::session()
 8 SYSTEMPATH\Config\BaseService.php(201): CodeIgniter\Config\BaseService::__callStatic('session', [])
 9 SYSTEMPATH\Common.php(998): CodeIgniter\Config\BaseService::get('session')
10 SYSTEMPATH\Common.php(971): service('session')
11 APPPATH\Views\front\navbar_view.php(2): session()
12 SYSTEMPATH\View\View.php(234): include('C:\\xampp\\htdocs\\ProT3_29436010\\app\\Views\\front\\navbar_view.php')
13 SYSTEMPATH\View\View.php(237): CodeIgniter\View\View->CodeIgniter\View\{closure}()
14 SYSTEMPATH\Common.php(1171): CodeIgniter\View\View->render('front/navbar_view', [], true)
15 APPPATH\Controllers\Home.php(47): view('front/navbar_view')
16 SYSTEMPATH\CodeIgniter.php(933): App\Controllers\Home->login()
17 SYSTEMPATH\CodeIgniter.php(509): CodeIgniter\CodeIgniter->runController(Object(App\Controllers\Home))
18 SYSTEMPATH\CodeIgniter.php(355): CodeIgniter\CodeIgniter->handleRequest(null, Object(Config\Cache), false)
19 SYSTEMPATH\Boot.php(325): CodeIgniter\CodeIgniter->run()
20 SYSTEMPATH\Boot.php(67): CodeIgniter\Boot::runCodeIgniter(Object(CodeIgniter\CodeIgniter))
21 FCPATH\index.php(56): CodeIgniter\Boot::bootWeb(Object(Config\Paths))
CRITICAL - 2024-07-19 20:02:38 --> ErrorException: ini_set(): Session ini settings cannot be changed after headers have already been sent
[Method: GET, Route: login]
in SYSTEMPATH\Session\Handlers\FileHandler.php on line 74.
 1 [internal function]: CodeIgniter\Debug\Exceptions->errorHandler(2, 'ini_set(): Session ini settings cannot be changed after headers have already been sent', 'C:\\xampp\\htdocs\\ProT3_29436010\\system\\Session\\Handlers\\FileHandler.php', 74)
 2 SYSTEMPATH\Session\Handlers\FileHandler.php(74): ini_set('session.save_path', 'C:\\xampp\\htdocs\\ProT3_29436010\\writable\\session')
 3 SYSTEMPATH\Config\Services.php(688): CodeIgniter\Session\Handlers\FileHandler->__construct(Object(Config\Session), '127.0.0.1')
 4 SYSTEMPATH\Config\BaseService.php(311): CodeIgniter\Config\Services::session(Object(Config\Session), false)
 5 SYSTEMPATH\Config\BaseService.php(250): CodeIgniter\Config\BaseService::__callStatic('session', [...])
 6 SYSTEMPATH\Config\Services.php(666): CodeIgniter\Config\BaseService::getSharedInstance('session', null)
 7 SYSTEMPATH\Config\BaseService.php(320): CodeIgniter\Config\Services::session()
 8 SYSTEMPATH\Config\BaseService.php(201): CodeIgniter\Config\BaseService::__callStatic('session', [])
 9 SYSTEMPATH\Common.php(998): CodeIgniter\Config\BaseService::get('session')
10 SYSTEMPATH\Common.php(971): service('session')
11 APPPATH\Views\front\navbar_view.php(2): session()
12 SYSTEMPATH\View\View.php(234): include('C:\\xampp\\htdocs\\ProT3_29436010\\app\\Views\\front\\navbar_view.php')
13 SYSTEMPATH\View\View.php(237): CodeIgniter\View\View->CodeIgniter\View\{closure}()
14 SYSTEMPATH\Common.php(1171): CodeIgniter\View\View->render('front/navbar_view', [], true)
15 APPPATH\Controllers\Home.php(47): view('front/navbar_view')
16 SYSTEMPATH\CodeIgniter.php(933): App\Controllers\Home->login()
17 SYSTEMPATH\CodeIgniter.php(509): CodeIgniter\CodeIgniter->runController(Object(App\Controllers\Home))
18 SYSTEMPATH\CodeIgniter.php(355): CodeIgniter\CodeIgniter->handleRequest(null, Object(Config\Cache), false)
19 SYSTEMPATH\Boot.php(325): CodeIgniter\CodeIgniter->run()
20 SYSTEMPATH\Boot.php(67): CodeIgniter\Boot::runCodeIgniter(Object(CodeIgniter\CodeIgniter))
21 FCPATH\index.php(56): CodeIgniter\Boot::bootWeb(Object(Config\Paths))
CRITICAL - 2024-07-19 20:16:25 --> ErrorException: ini_set(): Session ini settings cannot be changed after headers have already been sent
[Method: GET, Route: login]
in SYSTEMPATH\Session\Handlers\FileHandler.php on line 74.
 1 [internal function]: CodeIgniter\Debug\Exceptions->errorHandler(2, 'ini_set(): Session ini settings cannot be changed after headers have already been sent', 'C:\\xampp\\htdocs\\ProT3_29436010\\system\\Session\\Handlers\\FileHandler.php', 74)
 2 SYSTEMPATH\Session\Handlers\FileHandler.php(74): ini_set('session.save_path', 'C:\\xampp\\htdocs\\ProT3_29436010\\writable\\session')
 3 SYSTEMPATH\Config\Services.php(688): CodeIgniter\Session\Handlers\FileHandler->__construct(Object(Config\Session), '127.0.0.1')
 4 SYSTEMPATH\Config\BaseService.php(311): CodeIgniter\Config\Services::session(Object(Config\Session), false)
 5 SYSTEMPATH\Config\BaseService.php(250): CodeIgniter\Config\BaseService::__callStatic('session', [...])
 6 SYSTEMPATH\Config\Services.php(666): CodeIgniter\Config\BaseService::getSharedInstance('session', null)
 7 SYSTEMPATH\Config\BaseService.php(320): CodeIgniter\Config\Services::session()
 8 SYSTEMPATH\Config\BaseService.php(201): CodeIgniter\Config\BaseService::__callStatic('session', [])
 9 SYSTEMPATH\Common.php(998): CodeIgniter\Config\BaseService::get('session')
10 SYSTEMPATH\Common.php(971): service('session')
11 APPPATH\Views\front\navbar_view.php(2): session()
12 SYSTEMPATH\View\View.php(234): include('C:\\xampp\\htdocs\\ProT3_29436010\\app\\Views\\front\\navbar_view.php')
13 SYSTEMPATH\View\View.php(237): CodeIgniter\View\View->CodeIgniter\View\{closure}()
14 SYSTEMPATH\Common.php(1171): CodeIgniter\View\View->render('front/navbar_view', [], true)
15 APPPATH\Controllers\Home.php(47): view('front/navbar_view')
16 SYSTEMPATH\CodeIgniter.php(933): App\Controllers\Home->login()
17 SYSTEMPATH\CodeIgniter.php(509): CodeIgniter\CodeIgniter->runController(Object(App\Controllers\Home))
18 SYSTEMPATH\CodeIgniter.php(355): CodeIgniter\CodeIgniter->handleRequest(null, Object(Config\Cache), false)
19 SYSTEMPATH\Boot.php(325): CodeIgniter\CodeIgniter->run()
20 SYSTEMPATH\Boot.php(67): CodeIgniter\Boot::runCodeIgniter(Object(CodeIgniter\CodeIgniter))
21 FCPATH\index.php(56): CodeIgniter\Boot::bootWeb(Object(Config\Paths))
CRITICAL - 2024-07-19 20:20:22 --> ErrorException: ini_set(): Session ini settings cannot be changed after headers have already been sent
[Method: GET, Route: login]
in SYSTEMPATH\Session\Handlers\FileHandler.php on line 74.
 1 [internal function]: CodeIgniter\Debug\Exceptions->errorHandler(2, 'ini_set(): Session ini settings cannot be changed after headers have already been sent', 'C:\\xampp\\htdocs\\ProT3_29436010\\system\\Session\\Handlers\\FileHandler.php', 74)
 2 SYSTEMPATH\Session\Handlers\FileHandler.php(74): ini_set('session.save_path', 'C:\\xampp\\htdocs\\ProT3_29436010\\writable\\session')
 3 SYSTEMPATH\Config\Services.php(688): CodeIgniter\Session\Handlers\FileHandler->__construct(Object(Config\Session), '127.0.0.1')
 4 SYSTEMPATH\Config\BaseService.php(311): CodeIgniter\Config\Services::session(Object(Config\Session), false)
 5 SYSTEMPATH\Config\BaseService.php(250): CodeIgniter\Config\BaseService::__callStatic('session', [...])
 6 SYSTEMPATH\Config\Services.php(666): CodeIgniter\Config\BaseService::getSharedInstance('session', null)
 7 SYSTEMPATH\Config\BaseService.php(320): CodeIgniter\Config\Services::session()
 8 SYSTEMPATH\Config\BaseService.php(201): CodeIgniter\Config\BaseService::__callStatic('session', [])
 9 SYSTEMPATH\Common.php(998): CodeIgniter\Config\BaseService::get('session')
10 SYSTEMPATH\Common.php(971): service('session')
11 APPPATH\Views\front\navbar_view.php(3): session()
12 SYSTEMPATH\View\View.php(234): include('C:\\xampp\\htdocs\\ProT3_29436010\\app\\Views\\front\\navbar_view.php')
13 SYSTEMPATH\View\View.php(237): CodeIgniter\View\View->CodeIgniter\View\{closure}()
14 SYSTEMPATH\Common.php(1171): CodeIgniter\View\View->render('front/navbar_view', [], true)
15 APPPATH\Controllers\Home.php(47): view('front/navbar_view')
16 SYSTEMPATH\CodeIgniter.php(933): App\Controllers\Home->login()
17 SYSTEMPATH\CodeIgniter.php(509): CodeIgniter\CodeIgniter->runController(Object(App\Controllers\Home))
18 SYSTEMPATH\CodeIgniter.php(355): CodeIgniter\CodeIgniter->handleRequest(null, Object(Config\Cache), false)
19 SYSTEMPATH\Boot.php(325): CodeIgniter\CodeIgniter->run()
20 SYSTEMPATH\Boot.php(67): CodeIgniter\Boot::runCodeIgniter(Object(CodeIgniter\CodeIgniter))
21 FCPATH\index.php(56): CodeIgniter\Boot::bootWeb(Object(Config\Paths))
CRITICAL - 2024-07-19 20:30:06 --> ErrorException: ini_set(): Session ini settings cannot be changed after headers have already been sent
[Method: GET, Route: /]
in SYSTEMPATH\Session\Handlers\FileHandler.php on line 74.
 1 [internal function]: CodeIgniter\Debug\Exceptions->errorHandler(2, 'ini_set(): Session ini settings cannot be changed after headers have already been sent', 'C:\\xampp\\htdocs\\ProT3_29436010\\system\\Session\\Handlers\\FileHandler.php', 74)
 2 SYSTEMPATH\Session\Handlers\FileHandler.php(74): ini_set('session.save_path', 'C:\\xampp\\htdocs\\ProT3_29436010\\writable\\session')
 3 SYSTEMPATH\Config\Services.php(688): CodeIgniter\Session\Handlers\FileHandler->__construct(Object(Config\Session), '::1')
 4 SYSTEMPATH\Config\BaseService.php(311): CodeIgniter\Config\Services::session(Object(Config\Session), false)
 5 SYSTEMPATH\Config\BaseService.php(250): CodeIgniter\Config\BaseService::__callStatic('session', [...])
 6 SYSTEMPATH\Config\Services.php(666): CodeIgniter\Config\BaseService::getSharedInstance('session', null)
 7 SYSTEMPATH\Config\BaseService.php(320): CodeIgniter\Config\Services::session()
 8 SYSTEMPATH\Config\BaseService.php(201): CodeIgniter\Config\BaseService::__callStatic('session', [])
 9 SYSTEMPATH\Common.php(998): CodeIgniter\Config\BaseService::get('session')
10 SYSTEMPATH\Common.php(971): service('session')
11 APPPATH\Views\front\navbar_view.php(2): session()
12 SYSTEMPATH\View\View.php(234): include('C:\\xampp\\htdocs\\ProT3_29436010\\app\\Views\\front\\navbar_view.php')
13 SYSTEMPATH\View\View.php(237): CodeIgniter\View\View->CodeIgniter\View\{closure}()
14 SYSTEMPATH\Common.php(1171): CodeIgniter\View\View->render('front/navbar_view', [], true)
15 APPPATH\Controllers\Home.php(11): view('front/navbar_view')
16 SYSTEMPATH\CodeIgniter.php(933): App\Controllers\Home->index()
17 SYSTEMPATH\CodeIgniter.php(509): CodeIgniter\CodeIgniter->runController(Object(App\Controllers\Home))
18 SYSTEMPATH\CodeIgniter.php(355): CodeIgniter\CodeIgniter->handleRequest(null, Object(Config\Cache), false)
19 SYSTEMPATH\Boot.php(325): CodeIgniter\CodeIgniter->run()
20 SYSTEMPATH\Boot.php(67): CodeIgniter\Boot::runCodeIgniter(Object(CodeIgniter\CodeIgniter))
21 FCPATH\index.php(56): CodeIgniter\Boot::bootWeb(Object(Config\Paths))
CRITICAL - 2024-07-19 20:30:12 --> ErrorException: ini_set(): Session ini settings cannot be changed after headers have already been sent
[Method: GET, Route: /]
in SYSTEMPATH\Session\Handlers\FileHandler.php on line 74.
 1 [internal function]: CodeIgniter\Debug\Exceptions->errorHandler(2, 'ini_set(): Session ini settings cannot be changed after headers have already been sent', 'C:\\xampp\\htdocs\\ProT3_29436010\\system\\Session\\Handlers\\FileHandler.php', 74)
 2 SYSTEMPATH\Session\Handlers\FileHandler.php(74): ini_set('session.save_path', 'C:\\xampp\\htdocs\\ProT3_29436010\\writable\\session')
 3 SYSTEMPATH\Config\Services.php(688): CodeIgniter\Session\Handlers\FileHandler->__construct(Object(Config\Session), '::1')
 4 SYSTEMPATH\Config\BaseService.php(311): CodeIgniter\Config\Services::session(Object(Config\Session), false)
 5 SYSTEMPATH\Config\BaseService.php(250): CodeIgniter\Config\BaseService::__callStatic('session', [...])
 6 SYSTEMPATH\Config\Services.php(666): CodeIgniter\Config\BaseService::getSharedInstance('session', null)
 7 SYSTEMPATH\Config\BaseService.php(320): CodeIgniter\Config\Services::session()
 8 SYSTEMPATH\Config\BaseService.php(201): CodeIgniter\Config\BaseService::__callStatic('session', [])
 9 SYSTEMPATH\Common.php(998): CodeIgniter\Config\BaseService::get('session')
10 SYSTEMPATH\Common.php(971): service('session')
11 APPPATH\Views\front\navbar_view.php(2): session()
12 SYSTEMPATH\View\View.php(234): include('C:\\xampp\\htdocs\\ProT3_29436010\\app\\Views\\front\\navbar_view.php')
13 SYSTEMPATH\View\View.php(237): CodeIgniter\View\View->CodeIgniter\View\{closure}()
14 SYSTEMPATH\Common.php(1171): CodeIgniter\View\View->render('front/navbar_view', [], true)
15 APPPATH\Controllers\Home.php(11): view('front/navbar_view')
16 SYSTEMPATH\CodeIgniter.php(933): App\Controllers\Home->index()
17 SYSTEMPATH\CodeIgniter.php(509): CodeIgniter\CodeIgniter->runController(Object(App\Controllers\Home))
18 SYSTEMPATH\CodeIgniter.php(355): CodeIgniter\CodeIgniter->handleRequest(null, Object(Config\Cache), false)
19 SYSTEMPATH\Boot.php(325): CodeIgniter\CodeIgniter->run()
20 SYSTEMPATH\Boot.php(67): CodeIgniter\Boot::runCodeIgniter(Object(CodeIgniter\CodeIgniter))
21 FCPATH\index.php(56): CodeIgniter\Boot::bootWeb(Object(Config\Paths))
